<?xml version="1.0" encoding="UTF-8"?>
<!-- Generated by org.testng.reporters.JUnitReportReporter -->
<testsuite hostname="KALAI" failures="0" tests="1" name="RunTimeMavenParameterTest" time="0.036" errors="0" timestamp="2025-03-24T20:04:00 IST" skipped="0">
  <testcase classname="RunTimeMavenParameterTest" name="runTimeParameter" time="0.036"/>
</testsuite> <!-- RunTimeMavenParameterTest -->
