<?xml version="1.0" encoding="UTF-8"?>
<!-- Generated by org.testng.reporters.JUnitReportReporter -->
<testsuite hostname="KALAI" failures="0" tests="1" name="SeleniumTestReadDataFromRunTime" time="0.026" errors="0" timestamp="2025-03-24T20:36:12 IST" skipped="0">
  <testcase classname="SeleniumTestReadDataFromRunTime" name="seleniumTest" time="0.026"/>
</testsuite> <!-- SeleniumTestReadDataFromRunTime -->
