<?xml version="1.0" encoding="UTF-8"?>
<!-- Generated by org.testng.reporters.JUnitReportReporter -->
<testsuite hostname="KALAI" failures="0" tests="2" name="extend_report.MultipleTestCases" time="0.027" errors="0" timestamp="2025-04-22T17:47:49 IST" skipped="0">
  <testcase classname="extend_report.MultipleTestCases" name="createContactTest" time="0.022"/>
  <testcase classname="extend_report.MultipleTestCases" name="createContactWithPhoneNumTest" time="0.005"/>
</testsuite> <!-- extend_report.MultipleTestCases -->
