<?xml version="1.0" encoding="UTF-8"?>
<!-- Generated by org.testng.reporters.JUnitReportReporter -->
<testsuite hostname="KALAI" failures="0" tests="1" name="extend_report.SampleTestWithoutExtentReport" time="0.013" errors="0" timestamp="2025-04-22T12:18:21 IST" skipped="0">
  <testcase classname="extend_report.SampleTestWithoutExtentReport" name="createContactTest" time="0.013"/>
</testsuite> <!-- extend_report.SampleTestWithoutExtentReport -->
