<?xml version="1.0" encoding="UTF-8"?>
<!-- Generated by org.testng.reporters.JUnitReportReporter -->
<testsuite hostname="KALAI" failures="0" tests="1" name="CreateContactTest.CreateContactWithSupportDate" time="13.027" errors="0" timestamp="2025-04-23T12:46:01 IST" skipped="0">
  <testcase classname="CreateContactTest.CreateContactWithSupportDate" name="createContactWithDate" time="13.027"/>
</testsuite> <!-- CreateContactTest.CreateContactWithSupportDate -->
