<?xml version="1.0" encoding="UTF-8"?>
<!-- Generated by org.testng.reporters.JUnitReportReporter -->
<testsuite hostname="KALAI" failures="0" tests="1" name="extend_report.SampleTestWithExtentReport" time="0.763" errors="0" timestamp="2025-04-22T12:50:48 IST" skipped="0">
  <testcase classname="extend_report.SampleTestWithExtentReport" name="createContactTest" time="0.763"/>
</testsuite> <!-- extend_report.SampleTestWithExtentReport -->
